<?xml version="1.0" encoding="UTF-8"?>
<testsuite xmlns:xsi="http://www.w3.org/2001/XMLSchema-instance" xsi:noNamespaceSchemaLocation="https://maven.apache.org/surefire/maven-surefire-plugin/xsd/surefire-test-report.xsd" name="design.sxxov.imagination.ImaginationTest" time="0.099" tests="1" errors="0" skipped="0" failures="0">
  <properties>
    <property name="java.specification.version" value="16"/>
    <property name="sun.cpu.isalist" value="amd64"/>
    <property name="sun.jnu.encoding" value="Cp1252"/>
    <property name="java.class.path" value="C:\__Projects\VS Code\imagination\target\test-classes;C:\__Projects\VS Code\imagination\target\classes;C:\Users\sxxov\.m2\repository\junit\junit\4.11\junit-4.11.jar;C:\Users\sxxov\.m2\repository\org\hamcrest\hamcrest-core\1.3\hamcrest-core-1.3.jar;C:\Users\sxxov\.m2\repository\io\papermc\paper\paper-api\1.17.1-R0.1-SNAPSHOT\paper-api-1.17.1-R0.1-SNAPSHOT.jar;C:\Users\sxxov\.m2\repository\commons-lang\commons-lang\2.6\commons-lang-2.6.jar;C:\Users\sxxov\.m2\repository\com\google\guava\guava\21.0\guava-21.0.jar;C:\Users\sxxov\.m2\repository\com\google\code\gson\gson\2.8.0\gson-2.8.0.jar;C:\Users\sxxov\.m2\repository\net\md-5\bungeecord-chat\1.16-R0.4\bungeecord-chat-1.16-R0.4.jar;C:\Users\sxxov\.m2\repository\org\yaml\snakeyaml\1.28\snakeyaml-1.28.jar;C:\Users\sxxov\.m2\repository\com\googlecode\json-simple\json-simple\1.1.1\json-simple-1.1.1.jar;C:\Users\sxxov\.m2\repository\it\unimi\dsi\fastutil\8.2.2\fastutil-8.2.2.jar;C:\Users\sxxov\.m2\repository\net\kyori\adventure-api\4.8.1\adventure-api-4.8.1.jar;C:\Users\sxxov\.m2\repository\net\kyori\adventure-key\4.8.1\adventure-key-4.8.1.jar;C:\Users\sxxov\.m2\repository\net\kyori\examination-api\1.1.0\examination-api-1.1.0.jar;C:\Users\sxxov\.m2\repository\org\checkerframework\checker-qual\3.10.0\checker-qual-3.10.0.jar;C:\Users\sxxov\.m2\repository\net\kyori\examination-string\1.1.0\examination-string-1.1.0.jar;C:\Users\sxxov\.m2\repository\org\jetbrains\annotations\21.0.1\annotations-21.0.1.jar;C:\Users\sxxov\.m2\repository\net\kyori\adventure-text-serializer-gson\4.8.1\adventure-text-serializer-gson-4.8.1.jar;C:\Users\sxxov\.m2\repository\net\kyori\adventure-text-serializer-legacy\4.8.1\adventure-text-serializer-legacy-4.8.1.jar;C:\Users\sxxov\.m2\repository\net\kyori\adventure-text-serializer-plain\4.8.1\adventure-text-serializer-plain-4.8.1.jar;C:\Users\sxxov\.m2\repository\org\apache\logging\log4j\log4j-api\2.14.1\log4j-api-2.14.1.jar;C:\Users\sxxov\.m2\repository\org\ow2\asm\asm\9.1\asm-9.1.jar;C:\Users\sxxov\.m2\repository\org\ow2\asm\asm-commons\9.1\asm-commons-9.1.jar;C:\Users\sxxov\.m2\repository\org\ow2\asm\asm-tree\9.1\asm-tree-9.1.jar;C:\Users\sxxov\.m2\repository\org\ow2\asm\asm-analysis\9.1\asm-analysis-9.1.jar;C:\Users\sxxov\.m2\repository\com\onarandombox\multiversecore\Multiverse-Core\4.3.0\Multiverse-Core-4.3.0.jar;C:\Users\sxxov\.m2\repository\com\sk89q\worldedit\worldedit-bukkit\7.2.6-SNAPSHOT\worldedit-bukkit-7.2.6-SNAPSHOT.jar;C:\Users\sxxov\.m2\repository\com\sk89q\worldedit\worldedit-core\7.2.6-SNAPSHOT\worldedit-core-7.2.6-SNAPSHOT.jar;C:\Users\sxxov\.m2\repository\com\sk89q\worldedit\worldedit-libs\core\7.2.6-SNAPSHOT\core-7.2.6-SNAPSHOT.jar;C:\Users\sxxov\.m2\repository\org\antlr\antlr4\4.9.1\antlr4-4.9.1.jar;C:\Users\sxxov\.m2\repository\org\antlr\antlr-runtime\3.5.2\antlr-runtime-3.5.2.jar;C:\Users\sxxov\.m2\repository\org\antlr\ST4\4.3\ST4-4.3.jar;C:\Users\sxxov\.m2\repository\org\abego\treelayout\org.abego.treelayout.core\1.0.3\org.abego.treelayout.core-1.0.3.jar;C:\Users\sxxov\.m2\repository\org\glassfish\javax.json\1.0.4\javax.json-1.0.4.jar;C:\Users\sxxov\.m2\repository\com\ibm\icu\icu4j\61.1\icu4j-61.1.jar;C:\Users\sxxov\.m2\repository\de\schlichtherle\truezip\6.8.4\truezip-6.8.4.jar;C:\Users\sxxov\.m2\repository\org\mozilla\rhino-runtime\1.7.13\rhino-runtime-1.7.13.jar;C:\Users\sxxov\.m2\repository\com\google\code\findbugs\jsr305\1.3.9\jsr305-1.3.9.jar;C:\Users\sxxov\.m2\repository\org\antlr\antlr4-runtime\4.9.1\antlr4-runtime-4.9.1.jar;C:\Users\sxxov\.m2\repository\com\sk89q\worldedit\worldedit-libs\bukkit\7.2.6-SNAPSHOT\bukkit-7.2.6-SNAPSHOT.jar;C:\Users\sxxov\.m2\repository\io\papermc\paperlib\1.0.6\paperlib-1.0.6.jar;C:\Users\sxxov\.m2\repository\org\bstats\bstats-bukkit\2.1.0\bstats-bukkit-2.1.0.jar;C:\Users\sxxov\.m2\repository\org\bstats\bstats-base\2.1.0\bstats-base-2.1.0.jar;"/>
    <property name="java.vm.vendor" value="Oracle Corporation"/>
    <property name="sun.arch.data.model" value="64"/>
    <property name="user.variant" value=""/>
    <property name="java.vendor.url" value="https://java.oracle.com/"/>
    <property name="user.timezone" value="Asia/Kuala_Lumpur"/>
    <property name="os.name" value="Windows 10"/>
    <property name="java.vm.specification.version" value="16"/>
    <property name="sun.java.launcher" value="SUN_STANDARD"/>
    <property name="user.country" value="MY"/>
    <property name="sun.boot.library.path" value="C:\Program Files\Java\jdk-16.0.1\bin"/>
    <property name="sun.java.command" value="C:\Users\sxxov\AppData\Local\Temp\surefire5369095065558053191\surefirebooter17564600881577638941.jar C:\Users\sxxov\AppData\Local\Temp\surefire5369095065558053191 2021-07-26T17-56-18_819-jvmRun1 surefire16312570429839642776tmp surefire_011610596317039630567tmp"/>
    <property name="jdk.debug" value="release"/>
    <property name="surefire.test.class.path" value="C:\__Projects\VS Code\imagination\target\test-classes;C:\__Projects\VS Code\imagination\target\classes;C:\Users\sxxov\.m2\repository\junit\junit\4.11\junit-4.11.jar;C:\Users\sxxov\.m2\repository\org\hamcrest\hamcrest-core\1.3\hamcrest-core-1.3.jar;C:\Users\sxxov\.m2\repository\io\papermc\paper\paper-api\1.17.1-R0.1-SNAPSHOT\paper-api-1.17.1-R0.1-SNAPSHOT.jar;C:\Users\sxxov\.m2\repository\commons-lang\commons-lang\2.6\commons-lang-2.6.jar;C:\Users\sxxov\.m2\repository\com\google\guava\guava\21.0\guava-21.0.jar;C:\Users\sxxov\.m2\repository\com\google\code\gson\gson\2.8.0\gson-2.8.0.jar;C:\Users\sxxov\.m2\repository\net\md-5\bungeecord-chat\1.16-R0.4\bungeecord-chat-1.16-R0.4.jar;C:\Users\sxxov\.m2\repository\org\yaml\snakeyaml\1.28\snakeyaml-1.28.jar;C:\Users\sxxov\.m2\repository\com\googlecode\json-simple\json-simple\1.1.1\json-simple-1.1.1.jar;C:\Users\sxxov\.m2\repository\it\unimi\dsi\fastutil\8.2.2\fastutil-8.2.2.jar;C:\Users\sxxov\.m2\repository\net\kyori\adventure-api\4.8.1\adventure-api-4.8.1.jar;C:\Users\sxxov\.m2\repository\net\kyori\adventure-key\4.8.1\adventure-key-4.8.1.jar;C:\Users\sxxov\.m2\repository\net\kyori\examination-api\1.1.0\examination-api-1.1.0.jar;C:\Users\sxxov\.m2\repository\org\checkerframework\checker-qual\3.10.0\checker-qual-3.10.0.jar;C:\Users\sxxov\.m2\repository\net\kyori\examination-string\1.1.0\examination-string-1.1.0.jar;C:\Users\sxxov\.m2\repository\org\jetbrains\annotations\21.0.1\annotations-21.0.1.jar;C:\Users\sxxov\.m2\repository\net\kyori\adventure-text-serializer-gson\4.8.1\adventure-text-serializer-gson-4.8.1.jar;C:\Users\sxxov\.m2\repository\net\kyori\adventure-text-serializer-legacy\4.8.1\adventure-text-serializer-legacy-4.8.1.jar;C:\Users\sxxov\.m2\repository\net\kyori\adventure-text-serializer-plain\4.8.1\adventure-text-serializer-plain-4.8.1.jar;C:\Users\sxxov\.m2\repository\org\apache\logging\log4j\log4j-api\2.14.1\log4j-api-2.14.1.jar;C:\Users\sxxov\.m2\repository\org\ow2\asm\asm\9.1\asm-9.1.jar;C:\Users\sxxov\.m2\repository\org\ow2\asm\asm-commons\9.1\asm-commons-9.1.jar;C:\Users\sxxov\.m2\repository\org\ow2\asm\asm-tree\9.1\asm-tree-9.1.jar;C:\Users\sxxov\.m2\repository\org\ow2\asm\asm-analysis\9.1\asm-analysis-9.1.jar;C:\Users\sxxov\.m2\repository\com\onarandombox\multiversecore\Multiverse-Core\4.3.0\Multiverse-Core-4.3.0.jar;C:\Users\sxxov\.m2\repository\com\sk89q\worldedit\worldedit-bukkit\7.2.6-SNAPSHOT\worldedit-bukkit-7.2.6-SNAPSHOT.jar;C:\Users\sxxov\.m2\repository\com\sk89q\worldedit\worldedit-core\7.2.6-SNAPSHOT\worldedit-core-7.2.6-SNAPSHOT.jar;C:\Users\sxxov\.m2\repository\com\sk89q\worldedit\worldedit-libs\core\7.2.6-SNAPSHOT\core-7.2.6-SNAPSHOT.jar;C:\Users\sxxov\.m2\repository\org\antlr\antlr4\4.9.1\antlr4-4.9.1.jar;C:\Users\sxxov\.m2\repository\org\antlr\antlr-runtime\3.5.2\antlr-runtime-3.5.2.jar;C:\Users\sxxov\.m2\repository\org\antlr\ST4\4.3\ST4-4.3.jar;C:\Users\sxxov\.m2\repository\org\abego\treelayout\org.abego.treelayout.core\1.0.3\org.abego.treelayout.core-1.0.3.jar;C:\Users\sxxov\.m2\repository\org\glassfish\javax.json\1.0.4\javax.json-1.0.4.jar;C:\Users\sxxov\.m2\repository\com\ibm\icu\icu4j\61.1\icu4j-61.1.jar;C:\Users\sxxov\.m2\repository\de\schlichtherle\truezip\6.8.4\truezip-6.8.4.jar;C:\Users\sxxov\.m2\repository\org\mozilla\rhino-runtime\1.7.13\rhino-runtime-1.7.13.jar;C:\Users\sxxov\.m2\repository\com\google\code\findbugs\jsr305\1.3.9\jsr305-1.3.9.jar;C:\Users\sxxov\.m2\repository\org\antlr\antlr4-runtime\4.9.1\antlr4-runtime-4.9.1.jar;C:\Users\sxxov\.m2\repository\com\sk89q\worldedit\worldedit-libs\bukkit\7.2.6-SNAPSHOT\bukkit-7.2.6-SNAPSHOT.jar;C:\Users\sxxov\.m2\repository\io\papermc\paperlib\1.0.6\paperlib-1.0.6.jar;C:\Users\sxxov\.m2\repository\org\bstats\bstats-bukkit\2.1.0\bstats-bukkit-2.1.0.jar;C:\Users\sxxov\.m2\repository\org\bstats\bstats-base\2.1.0\bstats-base-2.1.0.jar;"/>
    <property name="sun.cpu.endian" value="little"/>
    <property name="user.home" value="C:\Users\sxxov"/>
    <property name="user.language" value="en"/>
    <property name="java.specification.vendor" value="Oracle Corporation"/>
    <property name="java.version.date" value="2021-04-20"/>
    <property name="java.home" value="C:\Program Files\Java\jdk-16.0.1"/>
    <property name="file.separator" value="\"/>
    <property name="basedir" value="C:\__Projects\VS Code\imagination"/>
    <property name="java.vm.compressedOopsMode" value="Zero based"/>
    <property name="line.separator" value="&#10;"/>
    <property name="java.vm.specification.vendor" value="Oracle Corporation"/>
    <property name="java.specification.name" value="Java Platform API Specification"/>
    <property name="surefire.real.class.path" value="C:\Users\sxxov\AppData\Local\Temp\surefire5369095065558053191\surefirebooter17564600881577638941.jar"/>
    <property name="user.script" value=""/>
    <property name="sun.management.compiler" value="HotSpot 64-Bit Tiered Compilers"/>
    <property name="java.runtime.version" value="16.0.1+9-24"/>
    <property name="user.name" value="sxxov"/>
    <property name="path.separator" value=";"/>
    <property name="os.version" value="10.0"/>
    <property name="java.runtime.name" value="Java(TM) SE Runtime Environment"/>
    <property name="file.encoding" value="Cp1252"/>
    <property name="java.vm.name" value="Java HotSpot(TM) 64-Bit Server VM"/>
    <property name="localRepository" value="C:\Users\sxxov\.m2\repository"/>
    <property name="java.vendor.url.bug" value="https://bugreport.java.com/bugreport/"/>
    <property name="java.io.tmpdir" value="C:\Users\sxxov\AppData\Local\Temp\"/>
    <property name="java.version" value="16.0.1"/>
    <property name="user.dir" value="C:\__Projects\VS Code\imagination"/>
    <property name="os.arch" value="amd64"/>
    <property name="java.vm.specification.name" value="Java Virtual Machine Specification"/>
    <property name="sun.os.patch.level" value=""/>
    <property name="java.library.path" value="C:\Program Files\Java\jdk-16.0.1\bin;C:\WINDOWS\Sun\Java\bin;C:\WINDOWS\system32;C:\WINDOWS;C:\Program Files\Git\mingw64\libexec\git-core;C:\Program Files\Git\mingw64\bin;C:\Program Files\Git\usr\bin;C:\Users\sxxov\bin;C:\Program Files\NVIDIA GPU Computing Toolkit\CUDA\v11.2\bin;C:\Program Files\NVIDIA GPU Computing Toolkit\CUDA\v11.2\libnvvp;C:\Program Files\Common Files\Oracle\Java\javapath;C:\Program Files (x86)\Common Files\Intel\Shared Libraries\redist\intel64\compiler;C:\WINDOWS\system32;C:\WINDOWS;C:\WINDOWS\System32\Wbem;C:\WINDOWS\System32\WindowsPowerShell\v1.0;C:\WINDOWS\System32\OpenSSH;C:\Program Files\Microsoft VS Code\bin;C:\Program Files\Git\cmd;C:\Program Files\nodejs;C:\Program Files\dotnet;C:\Program Files (x86)\NVIDIA Corporation\PhysX\Common;C:\Program Files\Meson;C:\Program Files\NVIDIA Corporation\Nsight Compute 2020.3.1;C:\Program Files\Git LFS;C:\Users\sxxov\.pyenv\pyenv-win\bin;C:\Users\sxxov\.pyenv\pyenv-win\shims;C:\Users\sxxov\AppData\Local\Programs\Python\Python39\Scripts;C:\Users\sxxov\AppData\Local\Programs\Python\Python39;C:\Users\sxxov\AppData\Local\Microsoft\WindowsApps;C:\Users\sxxov\Documents\__Path;C:\Users\sxxov\AppData\Roaming\npm;C:\Users\sxxov\.dotnet\tools;C:\Program Files\ADB;C:\Program Files\Python27;C:\Program Files\FFMPEG\bin;C:\Program Files\heroku\bin;C:\Program Files\7-Zip;C:\Users\sxxov\spicetify-cli;C:\Program Files\apache-maven-3.8.1\bin;C:\Program Files\Java\jdk-16.0.1\bin;."/>
    <property name="java.vm.info" value="mixed mode, sharing"/>
    <property name="java.vendor" value="Oracle Corporation"/>
    <property name="java.vm.version" value="16.0.1+9-24"/>
    <property name="sun.io.unicode.encoding" value="UnicodeLittle"/>
    <property name="java.class.version" value="60.0"/>
  </properties>
  <testcase name="shouldAnswerWithTrue" classname="design.sxxov.imagination.ImaginationTest" time="0.005"/>
</testsuite>